       ADD. ID: 063. UNKNOWN EVENT TYPE!!!
       ADD. ID: 057. UNKNOWN EVENT TYPE!!!
       ADD. ID: 059. UNKNOWN EVENT TYPE!!!
       ADD. ID: 029.        INT: 8.
       ADD. ID: 107.        INT: 1.
       ADD. ID: 101. UNKNOWN EVENT TYPE!!!
       ADD. ID: 019.     STRING: Ë·~@ÿ∆ò—?
»ŸÀ.
       ADD. ID: 057. UNKNOWN EVENT TYPE!!!
       ADD. ID: 059. UNKNOWN EVENT TYPE!!!
       ADD. ID: 2049. UNKNOWN EVENT TYPE!!!
    REMOVE. ID: 063. UNKNOWN EVENT TYPE!!!
START PROC. ID: 063. UNKNOWN EVENT TYPE!!!
    REMOVE. ID: 057. UNKNOWN EVENT TYPE!!!
START PROC. ID: 057. UNKNOWN EVENT TYPE!!!
    REMOVE. ID: 059. UNKNOWN EVENT TYPE!!!
START PROC. ID: 059. UNKNOWN EVENT TYPE!!!
    REMOVE. ID: 029.        INT: 8.
START PROC. ID: 029.        INT: 8.
    REMOVE. ID: 107.        INT: 1.
START PROC. ID: 107.        INT: 1.
    REMOVE. ID: 101. UNKNOWN EVENT TYPE!!!
START PROC. ID: 101. UNKNOWN EVENT TYPE!!!
    REMOVE. ID: 019.     STRING: Ë·~@ÿ∆ò—?
»ŸÀ.
START PROC. ID: 019.     STRING: Ë·~@ÿ∆ò—?
»ŸÀ.
    REMOVE. ID: 2049. UNKNOWN EVENT TYPE!!!
START PROC. ID: 2049. UNKNOWN EVENT TYPE!!!
    REMOVE. ID: 059. UNKNOWN EVENT TYPE!!!
START PROC. ID: 059. UNKNOWN EVENT TYPE!!!
    REMOVE. ID: 057. UNKNOWN EVENT TYPE!!!
START PROC. ID: 057. UNKNOWN EVENT TYPE!!!
       ADD. ID: 077. UNKNOWN EVENT TYPE!!!
    REMOVE. ID: 077. UNKNOWN EVENT TYPE!!!
START PROC. ID: 077. UNKNOWN EVENT TYPE!!!
       ADD. ID: 159. UNKNOWN EVENT TYPE!!!
    REMOVE. ID: 159. UNKNOWN EVENT TYPE!!!
START PROC. ID: 159. UNKNOWN EVENT TYPE!!!
       ADD. ID: 159. UNKNOWN EVENT TYPE!!!
       ADD. ID: 159. UNKNOWN EVENT TYPE!!!
       ADD. ID: 159. UNKNOWN EVENT TYPE!!!
    REMOVE. ID: 159. UNKNOWN EVENT TYPE!!!
START PROC. ID: 159. UNKNOWN EVENT TYPE!!!
    REMOVE. ID: 159. UNKNOWN EVENT TYPE!!!
START PROC. ID: 159. UNKNOWN EVENT TYPE!!!
    REMOVE. ID: 159. UNKNOWN EVENT TYPE!!!
START PROC. ID: 159. UNKNOWN EVENT TYPE!!!
       ADD. ID: 2053.        INT: 0.
    REMOVE. ID: 2053.        INT: 0.
START PROC. ID: 2053.        INT: 0.
